<?xml version="1.0" encoding="UTF-8"?>
<testng-results ignored="0" total="1" passed="1" failed="0" skipped="0">
  <reporter-output>
  </reporter-output>
  <suite started-at="2024-01-11T08:17:35Z" name="Suite" finished-at="2024-01-11T08:17:48Z" duration-ms="12944">
    <groups>
    </groups>
    <test started-at="2024-01-11T08:17:35Z" name="Test" finished-at="2024-01-11T08:17:48Z" duration-ms="12944">
      <class name="com.shoppersstack.runner.loginscript">
        <test-method is-config="true" signature="report()[pri:0, instance:com.shoppersstack.runner.loginscript@327bcebd]" started-at="2024-01-11T13:47:35Z" name="report" finished-at="2024-01-11T13:47:35Z" duration-ms="178" status="PASS">
          <reporter-output>
          </reporter-output>
        </test-method> <!-- report -->
        <test-method is-config="true" signature="openApp()[pri:0, instance:com.shoppersstack.runner.loginscript@327bcebd]" started-at="2024-01-11T13:47:35Z" name="openApp" finished-at="2024-01-11T13:47:39Z" duration-ms="3682" status="PASS">
          <reporter-output>
          </reporter-output>
        </test-method> <!-- openApp -->
        <test-method signature="login(java.lang.String, java.lang.String)[pri:0, instance:com.shoppersstack.runner.loginscript@327bcebd]" started-at="2024-01-11T13:47:39Z" name="login" data-provider="cred" finished-at="2024-01-11T13:47:47Z" duration-ms="7729" status="PASS">
          <params>
            <param index="0">
              <value>
                <![CDATA[prajwalpaale@gmail.com]]>
              </value>
            </param>
            <param index="1">
              <value>
                <![CDATA[Admin@123]]>
              </value>
            </param>
          </params>
          <reporter-output>
          </reporter-output>
        </test-method> <!-- login -->
        <test-method is-config="true" signature="closeApp(org.testng.ITestResult)[pri:0, instance:com.shoppersstack.runner.loginscript@327bcebd]" started-at="2024-01-11T13:47:47Z" name="closeApp" finished-at="2024-01-11T13:47:48Z" duration-ms="1335" status="PASS">
          <params>
            <param index="0">
              <value>
                <![CDATA[[TestResult name=login status=SUCCESS method=loginscript.login(java.lang.String, java.lang.String)[pri:0, instance:com.shoppersstack.runner.loginscript@327bcebd] output={null}]]]>
              </value>
            </param>
          </params>
          <reporter-output>
          </reporter-output>
        </test-method> <!-- closeApp -->
      </class> <!-- com.shoppersstack.runner.loginscript -->
    </test> <!-- Test -->
  </suite> <!-- Suite -->
</testng-results>
